DB: home/itkoo/rocksdb/experiments/result/wbs128_tr1_num1000000
Set seed to 1746582014446743 because --seed was 0
Initializing RocksDB Options from the specified file
Initializing RocksDB Options from command-line flags
Integrated BlobDB: blob cache disabled
Keys:       16 bytes each (+ 0 bytes user-defined timestamp)
Values:     200 bytes each (100 bytes after compression)
Entries:    1000000
Prefix:    0 bytes
Keys per prefix:    0
RawSize:    206.0 MB (estimated)
FileSize:   110.6 MB (estimated)
Write rate: 0 bytes/second
Read rate: 0 ops/second
Compression: Snappy
Compression sampling rate: 0
Memtablerep: SkipListFactory
Perf Level: 1
WARNING: Assertions are enabled; benchmarks unnecessarily slow
------------------------------------------------
Initializing RocksDB Options from the specified file
Initializing RocksDB Options from command-line flags
Integrated BlobDB: blob cache disabled
DB path: [home/itkoo/rocksdb/experiments/result/wbs128_tr1_num1000000]
fillrandom   :       4.414 micros/op 906058 ops/sec 4.415 seconds 4000000 operations;  186.6 MB/s
DB path: [home/itkoo/rocksdb/experiments/result/wbs128_tr1_num1000000]
seekrandomwhilewriting :      10.747 micros/op 369055 ops/sec 10.838 seconds 4000000 operations; (997103 of 1000000 found)

DB path: [home/itkoo/rocksdb/experiments/result/wbs128_tr1_num1000000]
readrandomwriterandom :       4.169 micros/op 957128 ops/sec 4.179 seconds 4000000 operations; ( reads:900000 writes:100000 total:1000000 found:899893)

