DB: home/itkoo/rocksdb/experiments/result/wbs32_tr2_num1000000
Set seed to 1746581351360374 because --seed was 0
Initializing RocksDB Options from the specified file
Initializing RocksDB Options from command-line flags
Integrated BlobDB: blob cache disabled
Keys:       16 bytes each (+ 0 bytes user-defined timestamp)
Values:     200 bytes each (100 bytes after compression)
Entries:    1000000
Prefix:    0 bytes
Keys per prefix:    0
RawSize:    206.0 MB (estimated)
FileSize:   110.6 MB (estimated)
Write rate: 0 bytes/second
Read rate: 0 ops/second
Compression: Snappy
Compression sampling rate: 0
Memtablerep: SkipListFactory
Perf Level: 1
WARNING: Assertions are enabled; benchmarks unnecessarily slow
------------------------------------------------
Initializing RocksDB Options from the specified file
Initializing RocksDB Options from command-line flags
Integrated BlobDB: blob cache disabled
DB path: [home/itkoo/rocksdb/experiments/result/wbs32_tr2_num1000000]
fillrandom   :       4.180 micros/op 956754 ops/sec 4.181 seconds 4000000 operations;  197.1 MB/s
DB path: [home/itkoo/rocksdb/experiments/result/wbs32_tr2_num1000000]
seekrandomwhilewriting :      27.433 micros/op 142770 ops/sec 28.017 seconds 4000000 operations; (998955 of 1000000 found)

DB path: [home/itkoo/rocksdb/experiments/result/wbs32_tr2_num1000000]
readrandomwriterandom :       5.891 micros/op 675487 ops/sec 5.922 seconds 4000000 operations; ( reads:900000 writes:100000 total:1000000 found:900000)

