DB: home/itkoo/rocksdb/experiments/result/wbs16_tr2_num1000000
Set seed to 1746580896334106 because --seed was 0
Initializing RocksDB Options from the specified file
Initializing RocksDB Options from command-line flags
Integrated BlobDB: blob cache disabled
Keys:       16 bytes each (+ 0 bytes user-defined timestamp)
Values:     200 bytes each (100 bytes after compression)
Entries:    1000000
Prefix:    0 bytes
Keys per prefix:    0
RawSize:    206.0 MB (estimated)
FileSize:   110.6 MB (estimated)
Write rate: 0 bytes/second
Read rate: 0 ops/second
Compression: Snappy
Compression sampling rate: 0
Memtablerep: SkipListFactory
Perf Level: 1
WARNING: Assertions are enabled; benchmarks unnecessarily slow
------------------------------------------------
Initializing RocksDB Options from the specified file
Initializing RocksDB Options from command-line flags
Integrated BlobDB: blob cache disabled
DB path: [home/itkoo/rocksdb/experiments/result/wbs16_tr2_num1000000]
fillrandom   :       5.213 micros/op 767195 ops/sec 5.214 seconds 4000000 operations;  158.0 MB/s
DB path: [home/itkoo/rocksdb/experiments/result/wbs16_tr2_num1000000]
seekrandomwhilewriting :      44.603 micros/op 88595 ops/sec 45.149 seconds 4000000 operations; (999211 of 1000000 found)

DB path: [home/itkoo/rocksdb/experiments/result/wbs16_tr2_num1000000]
readrandomwriterandom :       6.367 micros/op 624404 ops/sec 6.406 seconds 4000000 operations; ( reads:900000 writes:100000 total:1000000 found:900000)

