DB: home/itkoo/rocksdb/experiments/result/wbs2_tr4_num1000000
Set seed to 1746579276548412 because --seed was 0
Initializing RocksDB Options from the specified file
Initializing RocksDB Options from command-line flags
Integrated BlobDB: blob cache disabled
Keys:       16 bytes each (+ 0 bytes user-defined timestamp)
Values:     200 bytes each (100 bytes after compression)
Entries:    1000000
Prefix:    0 bytes
Keys per prefix:    0
RawSize:    206.0 MB (estimated)
FileSize:   110.6 MB (estimated)
Write rate: 0 bytes/second
Read rate: 0 ops/second
Compression: Snappy
Compression sampling rate: 0
Memtablerep: SkipListFactory
Perf Level: 1
WARNING: Assertions are enabled; benchmarks unnecessarily slow
------------------------------------------------
Initializing RocksDB Options from the specified file
Initializing RocksDB Options from command-line flags
Integrated BlobDB: blob cache disabled
DB path: [home/itkoo/rocksdb/experiments/result/wbs2_tr4_num1000000]
fillrandom   :      28.647 micros/op 139595 ops/sec 28.654 seconds 4000000 operations;   28.8 MB/s
DB path: [home/itkoo/rocksdb/experiments/result/wbs2_tr4_num1000000]
seekrandomwhilewriting :      37.828 micros/op 105018 ops/sec 38.088 seconds 4000000 operations; (995349 of 1000000 found)

DB path: [home/itkoo/rocksdb/experiments/result/wbs2_tr4_num1000000]
readrandomwriterandom :       8.106 micros/op 489838 ops/sec 8.166 seconds 4000000 operations; ( reads:900000 writes:100000 total:1000000 found:899729)

