DB: home/itkoo/rocksdb/experiments/result/wbs16_tr16_num1000000
Set seed to 1746581138386104 because --seed was 0
Initializing RocksDB Options from the specified file
Initializing RocksDB Options from command-line flags
Integrated BlobDB: blob cache disabled
Keys:       16 bytes each (+ 0 bytes user-defined timestamp)
Values:     200 bytes each (100 bytes after compression)
Entries:    1000000
Prefix:    0 bytes
Keys per prefix:    0
RawSize:    206.0 MB (estimated)
FileSize:   110.6 MB (estimated)
Write rate: 0 bytes/second
Read rate: 0 ops/second
Compression: Snappy
Compression sampling rate: 0
Memtablerep: SkipListFactory
Perf Level: 1
WARNING: Assertions are enabled; benchmarks unnecessarily slow
------------------------------------------------
Initializing RocksDB Options from the specified file
Initializing RocksDB Options from command-line flags
Integrated BlobDB: blob cache disabled
DB path: [home/itkoo/rocksdb/experiments/result/wbs16_tr16_num1000000]
fillrandom   :       5.938 micros/op 673489 ops/sec 5.939 seconds 4000000 operations;  138.7 MB/s
DB path: [home/itkoo/rocksdb/experiments/result/wbs16_tr16_num1000000]
seekrandomwhilewriting :      40.615 micros/op 95674 ops/sec 41.809 seconds 4000000 operations; (998988 of 1000000 found)

DB path: [home/itkoo/rocksdb/experiments/result/wbs16_tr16_num1000000]
readrandomwriterandom :      18.423 micros/op 215115 ops/sec 18.595 seconds 4000000 operations; ( reads:900000 writes:100000 total:1000000 found:900000)

