DB: home/itkoo/rocksdb/experiments/result/wbs128_tr8_num100000
Set seed to 1746579105389753 because --seed was 0
Initializing RocksDB Options from the specified file
Initializing RocksDB Options from command-line flags
Integrated BlobDB: blob cache disabled
Keys:       16 bytes each (+ 0 bytes user-defined timestamp)
Values:     200 bytes each (100 bytes after compression)
Entries:    100000
Prefix:    0 bytes
Keys per prefix:    0
RawSize:    20.6 MB (estimated)
FileSize:   11.1 MB (estimated)
Write rate: 0 bytes/second
Read rate: 0 ops/second
Compression: Snappy
Compression sampling rate: 0
Memtablerep: SkipListFactory
Perf Level: 1
WARNING: Assertions are enabled; benchmarks unnecessarily slow
------------------------------------------------
Initializing RocksDB Options from the specified file
Initializing RocksDB Options from command-line flags
Integrated BlobDB: blob cache disabled
DB path: [home/itkoo/rocksdb/experiments/result/wbs128_tr8_num100000]
fillrandom   :       4.287 micros/op 932635 ops/sec 0.429 seconds 400000 operations;  192.1 MB/s
DB path: [home/itkoo/rocksdb/experiments/result/wbs128_tr8_num100000]
seekrandomwhilewriting :       1.660 micros/op 2363954 ops/sec 0.169 seconds 400000 operations; (98701 of 100000 found)

DB path: [home/itkoo/rocksdb/experiments/result/wbs128_tr8_num100000]
readrandomwriterandom :       1.623 micros/op 2459374 ops/sec 0.163 seconds 400000 operations; ( reads:90000 writes:10000 total:100000 found:89386)

