DB: home/itkoo/rocksdb/experiments/result/wbs4_tr12_num1000000
Set seed to 1746580019037073 because --seed was 0
Initializing RocksDB Options from the specified file
Initializing RocksDB Options from command-line flags
Integrated BlobDB: blob cache disabled
Keys:       16 bytes each (+ 0 bytes user-defined timestamp)
Values:     200 bytes each (100 bytes after compression)
Entries:    1000000
Prefix:    0 bytes
Keys per prefix:    0
RawSize:    206.0 MB (estimated)
FileSize:   110.6 MB (estimated)
Write rate: 0 bytes/second
Read rate: 0 ops/second
Compression: Snappy
Compression sampling rate: 0
Memtablerep: SkipListFactory
Perf Level: 1
WARNING: Assertions are enabled; benchmarks unnecessarily slow
------------------------------------------------
Initializing RocksDB Options from the specified file
Initializing RocksDB Options from command-line flags
Integrated BlobDB: blob cache disabled
DB path: [home/itkoo/rocksdb/experiments/result/wbs4_tr12_num1000000]
fillrandom   :      14.654 micros/op 272926 ops/sec 14.656 seconds 4000000 operations;   56.2 MB/s
DB path: [home/itkoo/rocksdb/experiments/result/wbs4_tr12_num1000000]
seekrandomwhilewriting :      45.063 micros/op 87790 ops/sec 45.563 seconds 4000000 operations; (997932 of 1000000 found)

DB path: [home/itkoo/rocksdb/experiments/result/wbs4_tr12_num1000000]
readrandomwriterandom :      11.784 micros/op 337090 ops/sec 11.866 seconds 4000000 operations; ( reads:900000 writes:100000 total:1000000 found:899995)

