DB: home/itkoo/rocksdb/experiments/result/wbs512_tr2_num100000
Set seed to 1746579119462791 because --seed was 0
Initializing RocksDB Options from the specified file
Initializing RocksDB Options from command-line flags
Integrated BlobDB: blob cache disabled
Keys:       16 bytes each (+ 0 bytes user-defined timestamp)
Values:     200 bytes each (100 bytes after compression)
Entries:    100000
Prefix:    0 bytes
Keys per prefix:    0
RawSize:    20.6 MB (estimated)
FileSize:   11.1 MB (estimated)
Write rate: 0 bytes/second
Read rate: 0 ops/second
Compression: Snappy
Compression sampling rate: 0
Memtablerep: SkipListFactory
Perf Level: 1
WARNING: Assertions are enabled; benchmarks unnecessarily slow
------------------------------------------------
Initializing RocksDB Options from the specified file
Initializing RocksDB Options from command-line flags
Integrated BlobDB: blob cache disabled
DB path: [home/itkoo/rocksdb/experiments/result/wbs512_tr2_num100000]
fillrandom   :       4.377 micros/op 913502 ops/sec 0.438 seconds 400000 operations;  188.2 MB/s
DB path: [home/itkoo/rocksdb/experiments/result/wbs512_tr2_num100000]
seekrandomwhilewriting :       1.810 micros/op 2192477 ops/sec 0.182 seconds 400000 operations; (98767 of 100000 found)

DB path: [home/itkoo/rocksdb/experiments/result/wbs512_tr2_num100000]
readrandomwriterandom :       1.727 micros/op 2309655 ops/sec 0.173 seconds 400000 operations; ( reads:90000 writes:10000 total:100000 found:89381)

