DB: home/itkoo/rocksdb/experiments/result/wbs8_tr4_num1000000
Set seed to 1746580442362697 because --seed was 0
Initializing RocksDB Options from the specified file
Initializing RocksDB Options from command-line flags
Integrated BlobDB: blob cache disabled
Keys:       16 bytes each (+ 0 bytes user-defined timestamp)
Values:     200 bytes each (100 bytes after compression)
Entries:    1000000
Prefix:    0 bytes
Keys per prefix:    0
RawSize:    206.0 MB (estimated)
FileSize:   110.6 MB (estimated)
Write rate: 0 bytes/second
Read rate: 0 ops/second
Compression: Snappy
Compression sampling rate: 0
Memtablerep: SkipListFactory
Perf Level: 1
WARNING: Assertions are enabled; benchmarks unnecessarily slow
------------------------------------------------
Initializing RocksDB Options from the specified file
Initializing RocksDB Options from command-line flags
Integrated BlobDB: blob cache disabled
DB path: [home/itkoo/rocksdb/experiments/result/wbs8_tr4_num1000000]
fillrandom   :       8.413 micros/op 475384 ops/sec 8.414 seconds 4000000 operations;   97.9 MB/s
DB path: [home/itkoo/rocksdb/experiments/result/wbs8_tr4_num1000000]
seekrandomwhilewriting :      50.013 micros/op 78618 ops/sec 50.878 seconds 4000000 operations; (998957 of 1000000 found)

DB path: [home/itkoo/rocksdb/experiments/result/wbs8_tr4_num1000000]
readrandomwriterandom :       7.716 micros/op 514849 ops/sec 7.769 seconds 4000000 operations; ( reads:900000 writes:100000 total:1000000 found:900000)

