DB: home/itkoo/rocksdb/experiments/result/wbs256_tr2_num1000000
Set seed to 1746582238997939 because --seed was 0
Initializing RocksDB Options from the specified file
Initializing RocksDB Options from command-line flags
Integrated BlobDB: blob cache disabled
Keys:       16 bytes each (+ 0 bytes user-defined timestamp)
Values:     200 bytes each (100 bytes after compression)
Entries:    1000000
Prefix:    0 bytes
Keys per prefix:    0
RawSize:    206.0 MB (estimated)
FileSize:   110.6 MB (estimated)
Write rate: 0 bytes/second
Read rate: 0 ops/second
Compression: Snappy
Compression sampling rate: 0
Memtablerep: SkipListFactory
Perf Level: 1
WARNING: Assertions are enabled; benchmarks unnecessarily slow
------------------------------------------------
Initializing RocksDB Options from the specified file
Initializing RocksDB Options from command-line flags
Integrated BlobDB: blob cache disabled
DB path: [home/itkoo/rocksdb/experiments/result/wbs256_tr2_num1000000]
fillrandom   :       4.875 micros/op 820514 ops/sec 4.875 seconds 4000000 operations;  169.0 MB/s
DB path: [home/itkoo/rocksdb/experiments/result/wbs256_tr2_num1000000]
seekrandomwhilewriting :       9.237 micros/op 430703 ops/sec 9.287 seconds 4000000 operations; (995601 of 1000000 found)

DB path: [home/itkoo/rocksdb/experiments/result/wbs256_tr2_num1000000]
readrandomwriterandom :       3.953 micros/op 1004014 ops/sec 3.984 seconds 4000000 operations; ( reads:900000 writes:100000 total:1000000 found:899795)

