DB: home/itkoo/rocksdb/experiments/result/wbs256_tr24_num1000000
Set seed to 1746582343421789 because --seed was 0
Initializing RocksDB Options from the specified file
Initializing RocksDB Options from command-line flags
Integrated BlobDB: blob cache disabled
Keys:       16 bytes each (+ 0 bytes user-defined timestamp)
Values:     200 bytes each (100 bytes after compression)
Entries:    1000000
Prefix:    0 bytes
Keys per prefix:    0
RawSize:    206.0 MB (estimated)
FileSize:   110.6 MB (estimated)
Write rate: 0 bytes/second
Read rate: 0 ops/second
Compression: Snappy
Compression sampling rate: 0
Memtablerep: SkipListFactory
Perf Level: 1
WARNING: Assertions are enabled; benchmarks unnecessarily slow
------------------------------------------------
Initializing RocksDB Options from the specified file
Initializing RocksDB Options from command-line flags
Integrated BlobDB: blob cache disabled
DB path: [home/itkoo/rocksdb/experiments/result/wbs256_tr24_num1000000]
fillrandom   :       4.870 micros/op 821313 ops/sec 4.870 seconds 4000000 operations;  169.2 MB/s
DB path: [home/itkoo/rocksdb/experiments/result/wbs256_tr24_num1000000]
seekrandomwhilewriting :      12.095 micros/op 328523 ops/sec 12.176 seconds 4000000 operations; (996479 of 1000000 found)

DB path: [home/itkoo/rocksdb/experiments/result/wbs256_tr24_num1000000]
readrandomwriterandom :       3.588 micros/op 1109120 ops/sec 3.606 seconds 4000000 operations; ( reads:900000 writes:100000 total:1000000 found:899923)

