DB: home/itkoo/rocksdb/experiments/result/wbs2_tr16_num1000000
Set seed to 1746579504382009 because --seed was 0
Initializing RocksDB Options from the specified file
Initializing RocksDB Options from command-line flags
Integrated BlobDB: blob cache disabled
Keys:       16 bytes each (+ 0 bytes user-defined timestamp)
Values:     200 bytes each (100 bytes after compression)
Entries:    1000000
Prefix:    0 bytes
Keys per prefix:    0
RawSize:    206.0 MB (estimated)
FileSize:   110.6 MB (estimated)
Write rate: 0 bytes/second
Read rate: 0 ops/second
Compression: Snappy
Compression sampling rate: 0
Memtablerep: SkipListFactory
Perf Level: 1
WARNING: Assertions are enabled; benchmarks unnecessarily slow
------------------------------------------------
Initializing RocksDB Options from the specified file
Initializing RocksDB Options from command-line flags
Integrated BlobDB: blob cache disabled
DB path: [home/itkoo/rocksdb/experiments/result/wbs2_tr16_num1000000]
fillrandom   :      23.937 micros/op 166623 ops/sec 24.006 seconds 4000000 operations;   34.3 MB/s
DB path: [home/itkoo/rocksdb/experiments/result/wbs2_tr16_num1000000]
seekrandomwhilewriting :      34.378 micros/op 115398 ops/sec 34.663 seconds 4000000 operations; (996176 of 1000000 found)

DB path: [home/itkoo/rocksdb/experiments/result/wbs2_tr16_num1000000]
readrandomwriterandom :      12.556 micros/op 316286 ops/sec 12.647 seconds 4000000 operations; ( reads:900000 writes:100000 total:1000000 found:899864)

