DB: home/itkoo/rocksdb/experiments/result/wbs16_tr1_num1000000
Set seed to 1746580839012620 because --seed was 0
Initializing RocksDB Options from the specified file
Initializing RocksDB Options from command-line flags
Integrated BlobDB: blob cache disabled
Keys:       16 bytes each (+ 0 bytes user-defined timestamp)
Values:     200 bytes each (100 bytes after compression)
Entries:    1000000
Prefix:    0 bytes
Keys per prefix:    0
RawSize:    206.0 MB (estimated)
FileSize:   110.6 MB (estimated)
Write rate: 0 bytes/second
Read rate: 0 ops/second
Compression: Snappy
Compression sampling rate: 0
Memtablerep: SkipListFactory
Perf Level: 1
WARNING: Assertions are enabled; benchmarks unnecessarily slow
------------------------------------------------
Initializing RocksDB Options from the specified file
Initializing RocksDB Options from command-line flags
Integrated BlobDB: blob cache disabled
DB path: [home/itkoo/rocksdb/experiments/result/wbs16_tr1_num1000000]
fillrandom   :       5.185 micros/op 771292 ops/sec 5.186 seconds 4000000 operations;  158.9 MB/s
DB path: [home/itkoo/rocksdb/experiments/result/wbs16_tr1_num1000000]
seekrandomwhilewriting :      45.102 micros/op 87352 ops/sec 45.792 seconds 4000000 operations; (999223 of 1000000 found)

DB path: [home/itkoo/rocksdb/experiments/result/wbs16_tr1_num1000000]
readrandomwriterandom :       6.200 micros/op 642298 ops/sec 6.228 seconds 4000000 operations; ( reads:900000 writes:100000 total:1000000 found:900000)

