DB: home/itkoo/rocksdb/experiments/result/wbs512_tr4_num1000000
Set seed to 1746582418754815 because --seed was 0
Initializing RocksDB Options from the specified file
Initializing RocksDB Options from command-line flags
Integrated BlobDB: blob cache disabled
Keys:       16 bytes each (+ 0 bytes user-defined timestamp)
Values:     200 bytes each (100 bytes after compression)
Entries:    1000000
Prefix:    0 bytes
Keys per prefix:    0
RawSize:    206.0 MB (estimated)
FileSize:   110.6 MB (estimated)
Write rate: 0 bytes/second
Read rate: 0 ops/second
Compression: Snappy
Compression sampling rate: 0
Memtablerep: SkipListFactory
Perf Level: 1
WARNING: Assertions are enabled; benchmarks unnecessarily slow
------------------------------------------------
Initializing RocksDB Options from the specified file
Initializing RocksDB Options from command-line flags
Integrated BlobDB: blob cache disabled
DB path: [home/itkoo/rocksdb/experiments/result/wbs512_tr4_num1000000]
fillrandom   :       5.366 micros/op 745329 ops/sec 5.367 seconds 4000000 operations;  153.5 MB/s
DB path: [home/itkoo/rocksdb/experiments/result/wbs512_tr4_num1000000]
seekrandomwhilewriting :       8.878 micros/op 435983 ops/sec 9.175 seconds 4000000 operations; (993771 of 1000000 found)

DB path: [home/itkoo/rocksdb/experiments/result/wbs512_tr4_num1000000]
readrandomwriterandom :       3.042 micros/op 1307335 ops/sec 3.060 seconds 4000000 operations; ( reads:900000 writes:100000 total:1000000 found:899635)

