DB: home/itkoo/rocksdb/experiments/result/wbs64_tr12_num1000000
Set seed to 1746581850516571 because --seed was 0
Initializing RocksDB Options from the specified file
Initializing RocksDB Options from command-line flags
Integrated BlobDB: blob cache disabled
Keys:       16 bytes each (+ 0 bytes user-defined timestamp)
Values:     200 bytes each (100 bytes after compression)
Entries:    1000000
Prefix:    0 bytes
Keys per prefix:    0
RawSize:    206.0 MB (estimated)
FileSize:   110.6 MB (estimated)
Write rate: 0 bytes/second
Read rate: 0 ops/second
Compression: Snappy
Compression sampling rate: 0
Memtablerep: SkipListFactory
Perf Level: 1
WARNING: Assertions are enabled; benchmarks unnecessarily slow
------------------------------------------------
Initializing RocksDB Options from the specified file
Initializing RocksDB Options from command-line flags
Integrated BlobDB: blob cache disabled
DB path: [home/itkoo/rocksdb/experiments/result/wbs64_tr12_num1000000]
fillrandom   :       4.038 micros/op 990422 ops/sec 4.039 seconds 4000000 operations;  204.0 MB/s
DB path: [home/itkoo/rocksdb/experiments/result/wbs64_tr12_num1000000]
seekrandomwhilewriting :      28.607 micros/op 137106 ops/sec 29.174 seconds 4000000 operations; (998841 of 1000000 found)

DB path: [home/itkoo/rocksdb/experiments/result/wbs64_tr12_num1000000]
readrandomwriterandom :       5.786 micros/op 687176 ops/sec 5.821 seconds 4000000 operations; ( reads:900000 writes:100000 total:1000000 found:900000)

