DB: home/itkoo/rocksdb/experiments/result/wbs32_tr32_num1000000
Set seed to 1746581658152364 because --seed was 0
Initializing RocksDB Options from the specified file
Initializing RocksDB Options from command-line flags
Integrated BlobDB: blob cache disabled
Keys:       16 bytes each (+ 0 bytes user-defined timestamp)
Values:     200 bytes each (100 bytes after compression)
Entries:    1000000
Prefix:    0 bytes
Keys per prefix:    0
RawSize:    206.0 MB (estimated)
FileSize:   110.6 MB (estimated)
Write rate: 0 bytes/second
Read rate: 0 ops/second
Compression: Snappy
Compression sampling rate: 0
Memtablerep: SkipListFactory
Perf Level: 1
WARNING: Assertions are enabled; benchmarks unnecessarily slow
------------------------------------------------
Initializing RocksDB Options from the specified file
Initializing RocksDB Options from command-line flags
Integrated BlobDB: blob cache disabled
DB path: [home/itkoo/rocksdb/experiments/result/wbs32_tr32_num1000000]
fillrandom   :       4.035 micros/op 991368 ops/sec 4.035 seconds 4000000 operations;  204.2 MB/s
DB path: [home/itkoo/rocksdb/experiments/result/wbs32_tr32_num1000000]
seekrandomwhilewriting :      51.650 micros/op 74915 ops/sec 53.393 seconds 4000000 operations; (999377 of 1000000 found)

DB path: [home/itkoo/rocksdb/experiments/result/wbs32_tr32_num1000000]
readrandomwriterandom :      14.828 micros/op 266175 ops/sec 15.028 seconds 4000000 operations; ( reads:900000 writes:100000 total:1000000 found:900000)

