DB: home/itkoo/rocksdb/experiments/result/wbs512_tr1_num100000
Set seed to 1746579118443549 because --seed was 0
Initializing RocksDB Options from the specified file
Initializing RocksDB Options from command-line flags
Integrated BlobDB: blob cache disabled
Keys:       16 bytes each (+ 0 bytes user-defined timestamp)
Values:     200 bytes each (100 bytes after compression)
Entries:    100000
Prefix:    0 bytes
Keys per prefix:    0
RawSize:    20.6 MB (estimated)
FileSize:   11.1 MB (estimated)
Write rate: 0 bytes/second
Read rate: 0 ops/second
Compression: Snappy
Compression sampling rate: 0
Memtablerep: SkipListFactory
Perf Level: 1
WARNING: Assertions are enabled; benchmarks unnecessarily slow
------------------------------------------------
Initializing RocksDB Options from the specified file
Initializing RocksDB Options from command-line flags
Integrated BlobDB: blob cache disabled
DB path: [home/itkoo/rocksdb/experiments/result/wbs512_tr1_num100000]
fillrandom   :       4.430 micros/op 902429 ops/sec 0.443 seconds 400000 operations;  185.9 MB/s
DB path: [home/itkoo/rocksdb/experiments/result/wbs512_tr1_num100000]
seekrandomwhilewriting :       1.713 micros/op 2301972 ops/sec 0.174 seconds 400000 operations; (98812 of 100000 found)

DB path: [home/itkoo/rocksdb/experiments/result/wbs512_tr1_num100000]
readrandomwriterandom :       1.686 micros/op 2356656 ops/sec 0.170 seconds 400000 operations; ( reads:90000 writes:10000 total:100000 found:89441)

