DB: home/itkoo/rocksdb/experiments/result/wbs512_tr24_num1000000
Set seed to 1746582492144278 because --seed was 0
Initializing RocksDB Options from the specified file
Initializing RocksDB Options from command-line flags
Integrated BlobDB: blob cache disabled
Keys:       16 bytes each (+ 0 bytes user-defined timestamp)
Values:     200 bytes each (100 bytes after compression)
Entries:    1000000
Prefix:    0 bytes
Keys per prefix:    0
RawSize:    206.0 MB (estimated)
FileSize:   110.6 MB (estimated)
Write rate: 0 bytes/second
Read rate: 0 ops/second
Compression: Snappy
Compression sampling rate: 0
Memtablerep: SkipListFactory
Perf Level: 1
WARNING: Assertions are enabled; benchmarks unnecessarily slow
------------------------------------------------
Initializing RocksDB Options from the specified file
Initializing RocksDB Options from command-line flags
Integrated BlobDB: blob cache disabled
DB path: [home/itkoo/rocksdb/experiments/result/wbs512_tr24_num1000000]
fillrandom   :       5.282 micros/op 757306 ops/sec 5.282 seconds 4000000 operations;  156.0 MB/s
DB path: [home/itkoo/rocksdb/experiments/result/wbs512_tr24_num1000000]
seekrandomwhilewriting :       8.987 micros/op 442539 ops/sec 9.039 seconds 4000000 operations; (994207 of 1000000 found)

DB path: [home/itkoo/rocksdb/experiments/result/wbs512_tr24_num1000000]
readrandomwriterandom :       2.946 micros/op 1353685 ops/sec 2.955 seconds 4000000 operations; ( reads:900000 writes:100000 total:1000000 found:899603)

