DB: home/itkoo/rocksdb/experiments/result/wbs64_tr12_num100000
Set seed to 1746579098076937 because --seed was 0
Initializing RocksDB Options from the specified file
Initializing RocksDB Options from command-line flags
Integrated BlobDB: blob cache disabled
Keys:       16 bytes each (+ 0 bytes user-defined timestamp)
Values:     200 bytes each (100 bytes after compression)
Entries:    100000
Prefix:    0 bytes
Keys per prefix:    0
RawSize:    20.6 MB (estimated)
FileSize:   11.1 MB (estimated)
Write rate: 0 bytes/second
Read rate: 0 ops/second
Compression: Snappy
Compression sampling rate: 0
Memtablerep: SkipListFactory
Perf Level: 1
WARNING: Assertions are enabled; benchmarks unnecessarily slow
------------------------------------------------
Initializing RocksDB Options from the specified file
Initializing RocksDB Options from command-line flags
Integrated BlobDB: blob cache disabled
DB path: [home/itkoo/rocksdb/experiments/result/wbs64_tr12_num100000]
fillrandom   :       4.129 micros/op 968204 ops/sec 0.413 seconds 400000 operations;  199.4 MB/s
DB path: [home/itkoo/rocksdb/experiments/result/wbs64_tr12_num100000]
seekrandomwhilewriting :       3.162 micros/op 1250140 ops/sec 0.320 seconds 400000 operations; (99143 of 100000 found)

DB path: [home/itkoo/rocksdb/experiments/result/wbs64_tr12_num100000]
readrandomwriterandom :       1.947 micros/op 2041430 ops/sec 0.196 seconds 400000 operations; ( reads:90000 writes:10000 total:100000 found:89773)

