DB: home/itkoo/rocksdb/experiments/result/wbs2_tr1_num100000
Set seed to 1746578987662924 because --seed was 0
Initializing RocksDB Options from the specified file
Initializing RocksDB Options from command-line flags
Integrated BlobDB: blob cache disabled
Keys:       16 bytes each (+ 0 bytes user-defined timestamp)
Values:     200 bytes each (100 bytes after compression)
Entries:    100000
Prefix:    0 bytes
Keys per prefix:    0
RawSize:    20.6 MB (estimated)
FileSize:   11.1 MB (estimated)
Write rate: 0 bytes/second
Read rate: 0 ops/second
Compression: Snappy
Compression sampling rate: 0
Memtablerep: SkipListFactory
Perf Level: 1
WARNING: Assertions are enabled; benchmarks unnecessarily slow
------------------------------------------------
Initializing RocksDB Options from the specified file
Initializing RocksDB Options from command-line flags
Integrated BlobDB: blob cache disabled
DB path: [home/itkoo/rocksdb/experiments/result/wbs2_tr1_num100000]
fillrandom   :       8.491 micros/op 470844 ops/sec 0.850 seconds 400000 operations;   97.0 MB/s
DB path: [home/itkoo/rocksdb/experiments/result/wbs2_tr1_num100000]
seekrandomwhilewriting :      16.274 micros/op 242849 ops/sec 1.647 seconds 400000 operations; (99751 of 100000 found)

DB path: [home/itkoo/rocksdb/experiments/result/wbs2_tr1_num100000]
readrandomwriterandom :       3.934 micros/op 1007115 ops/sec 0.397 seconds 400000 operations; ( reads:90000 writes:10000 total:100000 found:90000)

